[debug] [2021-11-17T17:46:05.993Z] ----------------------------------------------------------------------
[debug] [2021-11-17T17:46:05.995Z] Command:       C:\Program Files\nodejs\node.exe C:\Users\smatzouranis\AppData\Roaming\npm\node_modules\firebase-tools\lib\bin\firebase.js deploy
[debug] [2021-11-17T17:46:05.995Z] CLI Version:   9.20.0
[debug] [2021-11-17T17:46:05.995Z] Platform:      win32
[debug] [2021-11-17T17:46:05.995Z] Node Version:  v12.22.6
[debug] [2021-11-17T17:46:05.996Z] Time:          Wed Nov 17 2021 19:46:05 GMT+0200 (Eastern European Standard Time)
[debug] [2021-11-17T17:46:05.996Z] ----------------------------------------------------------------------
[debug] 
[debug] [2021-11-17T17:46:05.998Z] >>> [apiv2][query] GET https://firebase-public.firebaseio.com/cli.json [none]
[debug] [2021-11-17T17:46:06.045Z] > command requires scopes: ["email","openid","https://www.googleapis.com/auth/cloudplatformprojects.readonly","https://www.googleapis.com/auth/firebase","https://www.googleapis.com/auth/cloud-platform"]
[debug] [2021-11-17T17:46:06.045Z] > authorizing via signed-in user (sevastosmatzouranis@gmail.com)
[debug] [2021-11-17T17:46:06.045Z] [iam] checking project reservations-e83b7 for permissions ["firebase.projects.get","firebasehosting.sites.update"]
[debug] [2021-11-17T17:46:06.046Z] > refreshing access token with scopes: ["email","https://www.googleapis.com/auth/cloud-platform","https://www.googleapis.com/auth/cloudplatformprojects.readonly","https://www.googleapis.com/auth/firebase","openid"]
[debug] [2021-11-17T17:46:06.046Z] >>> HTTP REQUEST POST https://www.googleapis.com/oauth2/v3/token  
 <request body omitted>
[debug] [2021-11-17T17:46:06.294Z] <<< HTTP RESPONSE 200 {"pragma":"no-cache","date":"Wed, 17 Nov 2021 17:46:02 GMT","expires":"Mon, 01 Jan 1990 00:00:00 GMT","cache-control":"no-cache, no-store, max-age=0, must-revalidate","content-type":"application/json; charset=utf-8","vary":"X-Origin, Referer, Origin,Accept-Encoding","server":"scaffolding on HTTPServer2","x-xss-protection":"0","x-frame-options":"SAMEORIGIN","x-content-type-options":"nosniff","alt-svc":"h3=\":443\"; ma=2592000,h3-29=\":443\"; ma=2592000,h3-Q050=\":443\"; ma=2592000,h3-Q046=\":443\"; ma=2592000,h3-Q043=\":443\"; ma=2592000,quic=\":443\"; ma=2592000; v=\"46,43\"","accept-ranges":"none","transfer-encoding":"chunked"}
[debug] [2021-11-17T17:46:06.300Z] >>> HTTP REQUEST POST https://cloudresourcemanager.googleapis.com/v1/projects/reservations-e83b7:testIamPermissions  
 {"permissions":["firebase.projects.get","firebasehosting.sites.update"]}
[debug] [2021-11-17T17:46:06.641Z] <<< [apiv2][status] GET https://firebase-public.firebaseio.com/cli.json 200
[debug] [2021-11-17T17:46:06.641Z] <<< [apiv2][body] GET https://firebase-public.firebaseio.com/cli.json {"cloudBuildErrorAfter":1594252800000,"cloudBuildWarnAfter":1590019200000,"defaultNode10After":1594252800000,"minVersion":"3.0.5","node8DeploysDisabledAfter":1613390400000,"node8RuntimeDisabledAfter":1615809600000,"node8WarnAfter":1600128000000}
[debug] [2021-11-17T17:46:07.453Z] <<< HTTP RESPONSE 200 {"content-type":"application/json; charset=UTF-8","vary":"X-Origin, Referer, Origin,Accept-Encoding","date":"Wed, 17 Nov 2021 17:46:03 GMT","server":"ESF","cache-control":"private","x-xss-protection":"0","x-frame-options":"SAMEORIGIN","x-content-type-options":"nosniff","server-timing":"gfet4t7; dur=955","alt-svc":"h3=\":443\"; ma=2592000,h3-29=\":443\"; ma=2592000,h3-Q050=\":443\"; ma=2592000,h3-Q046=\":443\"; ma=2592000,h3-Q043=\":443\"; ma=2592000,quic=\":443\"; ma=2592000; v=\"46,43\"","accept-ranges":"none","transfer-encoding":"chunked"}
[debug] [2021-11-17T17:46:07.454Z] [iam] error while checking permissions, command may fail: FirebaseError: Authorization failed. This account is missing the following required permissions on project reservations-e83b7:

  firebase.projects.get
  firebasehosting.sites.update
[debug] [2021-11-17T17:46:07.455Z] > refreshing access token with scopes: []
[debug] [2021-11-17T17:46:07.455Z] >>> HTTP REQUEST POST https://www.googleapis.com/oauth2/v3/token  
 <request body omitted>
[debug] [2021-11-17T17:46:07.699Z] <<< HTTP RESPONSE 200 {"pragma":"no-cache","cache-control":"no-cache, no-store, max-age=0, must-revalidate","expires":"Mon, 01 Jan 1990 00:00:00 GMT","date":"Wed, 17 Nov 2021 17:46:03 GMT","content-type":"application/json; charset=utf-8","vary":"X-Origin, Referer, Origin,Accept-Encoding","server":"scaffolding on HTTPServer2","x-xss-protection":"0","x-frame-options":"SAMEORIGIN","x-content-type-options":"nosniff","alt-svc":"h3=\":443\"; ma=2592000,h3-29=\":443\"; ma=2592000,h3-Q050=\":443\"; ma=2592000,h3-Q046=\":443\"; ma=2592000,h3-Q043=\":443\"; ma=2592000,quic=\":443\"; ma=2592000; v=\"46,43\"","accept-ranges":"none","transfer-encoding":"chunked"}
[debug] [2021-11-17T17:46:07.711Z] >>> [apiv2][query] GET https://firebase.googleapis.com/v1beta1/projects/reservations-e83b7 [none]
[debug] [2021-11-17T17:46:08.239Z] <<< [apiv2][status] GET https://firebase.googleapis.com/v1beta1/projects/reservations-e83b7 403
[debug] [2021-11-17T17:46:08.239Z] <<< [apiv2][body] GET https://firebase.googleapis.com/v1beta1/projects/reservations-e83b7 {"error":{"code":403,"message":"The caller does not have permission","status":"PERMISSION_DENIED"}}
[debug] [2021-11-17T17:46:08.240Z] HTTP Error: 403, The caller does not have permission
[debug] [2021-11-17T17:46:08.444Z] FirebaseError: HTTP Error: 403, The caller does not have permission
    at module.exports (C:\Users\smatzouranis\AppData\Roaming\npm\node_modules\firebase-tools\lib\responseToError.js:38:12)
    at Client.doRequest (C:\Users\smatzouranis\AppData\Roaming\npm\node_modules\firebase-tools\lib\apiv2.js:238:23)
    at processTicksAndRejections (internal/process/task_queues.js:97:5)
    at async Client.request (C:\Users\smatzouranis\AppData\Roaming\npm\node_modules\firebase-tools\lib\apiv2.js:96:20)
    at async Object.getFirebaseProject (C:\Users\smatzouranis\AppData\Roaming\npm\node_modules\firebase-tools\lib\management\projects.js:290:21)
    at async Object.getDefaultHostingSite (C:\Users\smatzouranis\AppData\Roaming\npm\node_modules\firebase-tools\lib\getDefaultHostingSite.js:8:21)
    at async requireHostingSite (C:\Users\smatzouranis\AppData\Roaming\npm\node_modules\firebase-tools\lib\requireHostingSite.js:9:18)
    at async Object.fn (C:\Users\smatzouranis\AppData\Roaming\npm\node_modules\firebase-tools\lib\commands\deploy.js:65:9)
    at async C:\Users\smatzouranis\AppData\Roaming\npm\node_modules\firebase-tools\lib\command.js:188:17
[error] 
[error] Error: Failed to get Firebase project reservations-e83b7. Please make sure the project exists and your account has permission to access it.
